[debug] [2021-07-13T11:15:32.176Z] ----------------------------------------------------------------------
[debug] [2021-07-13T11:15:32.178Z] Command:       C:\Users\adria\Desktop\firebase-tools.exe C:\Users\adria\.cache\firebase\tools\lib\node_modules\firebase-tools\lib\bin\firebase emulators:start
[debug] [2021-07-13T11:15:32.179Z] CLI Version:   9.14.0
[debug] [2021-07-13T11:15:32.179Z] Platform:      win32
[debug] [2021-07-13T11:15:32.179Z] Node Version:  v12.18.1
[debug] [2021-07-13T11:15:32.180Z] Time:          Tue Jul 13 2021 13:15:32 GMT+0200 (GMT+02:00)
[debug] [2021-07-13T11:15:32.180Z] ----------------------------------------------------------------------
[debug] 
[debug] [2021-07-13T11:15:32.188Z] >>> [apiv2][query] GET https://firebase-public.firebaseio.com/cli.json [none]
[debug] [2021-07-13T11:15:32.220Z] > command requires scopes: ["email","openid","https://www.googleapis.com/auth/cloudplatformprojects.readonly","https://www.googleapis.com/auth/firebase","https://www.googleapis.com/auth/cloud-platform"]
[debug] [2021-07-13T11:15:32.220Z] > authorizing via signed-in user (adrianotumino@gmail.com)
[info] i  emulators: Starting emulators: auth, functions, firestore, database, hosting, storage {"metadata":{"emulator":{"name":"hub"},"message":"Starting emulators: auth, functions, firestore, database, hosting, storage"}}
[debug] [2021-07-13T11:15:32.664Z] <<< [apiv2][status] GET https://firebase-public.firebaseio.com/cli.json 200
[debug] [2021-07-13T11:15:32.664Z] <<< [apiv2][body] GET https://firebase-public.firebaseio.com/cli.json {"cloudBuildErrorAfter":1594252800000,"cloudBuildWarnAfter":1590019200000,"defaultNode10After":1594252800000,"minVersion":"3.0.5","node8DeploysDisabledAfter":1613390400000,"node8RuntimeDisabledAfter":1615809600000,"node8WarnAfter":1600128000000}
[debug] [2021-07-13T11:15:34.271Z] [hub] writing locator at C:\Users\adria\AppData\Local\Temp\hub-gamepoint-ea259.json
[warn] !  hosting: The hosting emulator is configured but there is no hosting configuration. Have you run firebase init hosting? {"metadata":{"emulator":{"name":"hosting"},"message":"The hosting emulator is configured but there is no hosting configuration. Have you run \u001b[1mfirebase init hosting\u001b[22m?"}}
[warn] !  functions: The following emulators are not running, calls to these services from the Functions emulator will affect production: hosting, pubsub {"metadata":{"emulator":{"name":"functions"},"message":"The following emulators are not running, calls to these services from the Functions emulator will affect production: \u001b[1mhosting, pubsub\u001b[22m"}}
[warn] !  Your requested "node" version "14" doesn't match your global version "12" {"metadata":{"emulator":{"name":"functions"},"message":"Your requested \"node\" version \"14\" doesn't match your global version \"12\""}}
[debug] [2021-07-13T11:15:36.335Z] defaultcredentials: writing to file C:\Users\adria\AppData\Roaming\firebase\adrianotumino_gmail_com_application_default_credentials.json
[debug] [2021-07-13T11:15:36.338Z] Setting GAC to C:\Users\adria\AppData\Roaming\firebase\adrianotumino_gmail_com_application_default_credentials.json {"metadata":{"emulator":{"name":"functions"},"message":"Setting GAC to C:\\Users\\adria\\AppData\\Roaming\\firebase\\adrianotumino_gmail_com_application_default_credentials.json"}}
[debug] [2021-07-13T11:15:36.339Z] > refreshing access token with scopes: []
[debug] [2021-07-13T11:15:36.339Z] >>> HTTP REQUEST POST https://www.googleapis.com/oauth2/v3/token  
 <request body omitted>
[debug] [2021-07-13T11:15:36.481Z] <<< HTTP RESPONSE 200 {"cache-control":"no-cache, no-store, max-age=0, must-revalidate","expires":"Mon, 01 Jan 1990 00:00:00 GMT","pragma":"no-cache","date":"Tue, 13 Jul 2021 11:15:38 GMT","content-type":"application/json; charset=utf-8","vary":"X-Origin, Referer, Origin,Accept-Encoding","server":"scaffolding on HTTPServer2","x-xss-protection":"0","x-frame-options":"SAMEORIGIN","x-content-type-options":"nosniff","alt-svc":"h3=\":443\"; ma=2592000,h3-29=\":443\"; ma=2592000,h3-T051=\":443\"; ma=2592000,h3-Q050=\":443\"; ma=2592000,h3-Q046=\":443\"; ma=2592000,h3-Q043=\":443\"; ma=2592000,quic=\":443\"; ma=2592000; v=\"46,43\"","accept-ranges":"none","transfer-encoding":"chunked"}
[debug] [2021-07-13T11:15:36.493Z] >>> [apiv2][query] GET https://firebase.googleapis.com/v1beta1/projects/gamepoint-ea259/adminSdkConfig [none]
[debug] [2021-07-13T11:15:36.854Z] <<< [apiv2][status] GET https://firebase.googleapis.com/v1beta1/projects/gamepoint-ea259/adminSdkConfig 200
[debug] [2021-07-13T11:15:36.854Z] <<< [apiv2][body] GET https://firebase.googleapis.com/v1beta1/projects/gamepoint-ea259/adminSdkConfig {"projectId":"gamepoint-ea259","databaseURL":"https://gamepoint-ea259-default-rtdb.europe-west1.firebasedatabase.app","storageBucket":"gamepoint-ea259.appspot.com","locationId":"europe-west"}
[debug] [2021-07-13T11:15:38.907Z] Ignoring unsupported arg: projectId {"metadata":{"emulator":{"name":"firestore"},"message":"Ignoring unsupported arg: projectId"}}
[debug] [2021-07-13T11:15:38.907Z] Ignoring unsupported arg: auto_download {"metadata":{"emulator":{"name":"firestore"},"message":"Ignoring unsupported arg: auto_download"}}
[debug] [2021-07-13T11:15:38.907Z] Starting Firestore Emulator with command {"binary":"java","args":["-Dgoogle.cloud_firestore.debug_log_level=FINE","-Duser.language=en","-jar","C:\\Users\\adria\\.cache\\firebase\\emulators\\cloud-firestore-emulator-v1.13.0.jar","--host","localhost","--port",8080,"--rules","C:\\Users\\adria\\Desktop\\Progetto Android\\GamePoint\\firestore.rules","--functions_emulator","localhost:5001"],"optionalArgs":["port","webchannel_port","host","rules","functions_emulator","seed_from_export"],"joinArgs":false} {"metadata":{"emulator":{"name":"firestore"},"message":"Starting Firestore Emulator with command {\"binary\":\"java\",\"args\":[\"-Dgoogle.cloud_firestore.debug_log_level=FINE\",\"-Duser.language=en\",\"-jar\",\"C:\\\\Users\\\\adria\\\\.cache\\\\firebase\\\\emulators\\\\cloud-firestore-emulator-v1.13.0.jar\",\"--host\",\"localhost\",\"--port\",8080,\"--rules\",\"C:\\\\Users\\\\adria\\\\Desktop\\\\Progetto Android\\\\GamePoint\\\\firestore.rules\",\"--functions_emulator\",\"localhost:5001\"],\"optionalArgs\":[\"port\",\"webchannel_port\",\"host\",\"rules\",\"functions_emulator\",\"seed_from_export\"],\"joinArgs\":false}"}}
[info] i  firestore: Firestore Emulator logging to firestore-debug.log {"metadata":{"emulator":{"name":"firestore"},"message":"Firestore Emulator logging to \u001b[1mfirestore-debug.log\u001b[22m"}}
[debug] [2021-07-13T11:15:41.975Z] >>> [apiv2][query] GET https://firebase.googleapis.com/v1beta1/projects/gamepoint-ea259 [none]
[debug] [2021-07-13T11:15:42.175Z] <<< [apiv2][status] GET https://firebase.googleapis.com/v1beta1/projects/gamepoint-ea259 200
[debug] [2021-07-13T11:15:42.175Z] <<< [apiv2][body] GET https://firebase.googleapis.com/v1beta1/projects/gamepoint-ea259 {"projectId":"gamepoint-ea259","projectNumber":"687056244280","displayName":"GamePoint","name":"projects/gamepoint-ea259","resources":{"hostingSite":"gamepoint-ea259","realtimeDatabaseInstance":"gamepoint-ea259-default-rtdb","storageBucket":"gamepoint-ea259.appspot.com","locationId":"europe-west"},"state":"ACTIVE"}
[debug] [2021-07-13T11:15:42.176Z] database rules config:  [{"instance":"gamepoint-ea259-default-rtdb","rules":"C:\\Users\\adria\\Desktop\\Progetto Android\\GamePoint\\database.rules.json"}]
[debug] [2021-07-13T11:15:42.177Z] Ignoring unsupported arg: projectId {"metadata":{"emulator":{"name":"database"},"message":"Ignoring unsupported arg: projectId"}}
[debug] [2021-07-13T11:15:42.178Z] Ignoring unsupported arg: auto_download {"metadata":{"emulator":{"name":"database"},"message":"Ignoring unsupported arg: auto_download"}}
[debug] [2021-07-13T11:15:42.178Z] Ignoring unsupported arg: rules {"metadata":{"emulator":{"name":"database"},"message":"Ignoring unsupported arg: rules"}}
[debug] [2021-07-13T11:15:42.178Z] Starting Database Emulator with command {"binary":"java","args":["-Duser.language=en","-jar","C:\\Users\\adria\\.cache\\firebase\\emulators\\firebase-database-emulator-v4.7.2.jar","--host","localhost","--port",9000,"--functions_emulator_host","localhost","--functions_emulator_port",5001],"optionalArgs":["port","host","functions_emulator_port","functions_emulator_host"],"joinArgs":false} {"metadata":{"emulator":{"name":"database"},"message":"Starting Database Emulator with command {\"binary\":\"java\",\"args\":[\"-Duser.language=en\",\"-jar\",\"C:\\\\Users\\\\adria\\\\.cache\\\\firebase\\\\emulators\\\\firebase-database-emulator-v4.7.2.jar\",\"--host\",\"localhost\",\"--port\",9000,\"--functions_emulator_host\",\"localhost\",\"--functions_emulator_port\",5001],\"optionalArgs\":[\"port\",\"host\",\"functions_emulator_port\",\"functions_emulator_host\"],\"joinArgs\":false}"}}
[info] i  database: Database Emulator logging to database-debug.log {"metadata":{"emulator":{"name":"database"},"message":"Database Emulator logging to \u001b[1mdatabase-debug.log\u001b[22m"}}
[debug] [2021-07-13T11:15:50.033Z] Ignoring unsupported arg: port {"metadata":{"emulator":{"name":"storage"},"message":"Ignoring unsupported arg: port"}}
[debug] [2021-07-13T11:15:50.199Z] Temp file directory for storage emulator: C:\Users\adria\AppData\Local\Temp/firebase/storage/blobs {"metadata":{"emulator":{"name":"storage"},"message":"Temp file directory for storage emulator: C:\\Users\\adria\\AppData\\Local\\Temp/firebase/storage/blobs"}}
[warn] !  hosting: The hosting emulator is configured but there is no hosting configuration. Have you run firebase init hosting? {"metadata":{"emulator":{"name":"hosting"},"message":"The hosting emulator is configured but there is no hosting configuration. Have you run \u001b[1mfirebase init hosting\u001b[22m?"}}
[debug] [2021-07-13T11:15:54.789Z] Ignoring unsupported arg: auto_download {"metadata":{"emulator":{"name":"ui"},"message":"Ignoring unsupported arg: auto_download"}}
[debug] [2021-07-13T11:15:54.789Z] Ignoring unsupported arg: port {"metadata":{"emulator":{"name":"ui"},"message":"Ignoring unsupported arg: port"}}
[debug] [2021-07-13T11:15:54.789Z] Starting Emulator UI with command {"binary":"node","args":["C:\\Users\\adria\\.cache\\firebase\\emulators\\ui-v1.5.0\\server.bundle.js"],"optionalArgs":[],"joinArgs":false} {"metadata":{"emulator":{"name":"ui"},"message":"Starting Emulator UI with command {\"binary\":\"node\",\"args\":[\"C:\\\\Users\\\\adria\\\\.cache\\\\firebase\\\\emulators\\\\ui-v1.5.0\\\\server.bundle.js\"],\"optionalArgs\":[],\"joinArgs\":false}"}}
[info] i  ui: Emulator UI logging to ui-debug.log {"metadata":{"emulator":{"name":"ui"},"message":"Emulator UI logging to \u001b[1mui-debug.log\u001b[22m"}}
[debug] [2021-07-13T11:15:55.084Z] Web / API server started at http://localhost:4000
 {"metadata":{"emulator":{"name":"ui"},"message":"Web / API server started at http://localhost:4000\n"}}
[info] i  functions: Watching "C:\Users\adria\Desktop\Progetto Android\GamePoint\functions" for Cloud Functions... {"metadata":{"emulator":{"name":"functions"},"message":"Watching \"C:\\Users\\adria\\Desktop\\Progetto Android\\GamePoint\\functions\" for Cloud Functions..."}}
[debug] [2021-07-13T11:15:55.312Z] [worker-pool] addWorker(~diagnostic~) {"metadata":{"emulator":{"name":"functions"},"message":"[worker-pool] addWorker(~diagnostic~)"}}
[debug] [2021-07-13T11:15:55.312Z] [worker-pool] Adding worker with key ~diagnostic~, total=1 {"metadata":{"emulator":{"name":"functions"},"message":"[worker-pool] Adding worker with key ~diagnostic~, total=1"}}
[debug] [2021-07-13T11:15:55.312Z] [worker-pool] submitWork(triggerId=) {"metadata":{"emulator":{"name":"functions"},"message":"[worker-pool] submitWork(triggerId=)"}}
[debug] [2021-07-13T11:15:55.313Z] [worker-~diagnostic~-23da7955-25f7-46b7-8198-c3e9e0fc412b]: Assigning socketPath: \\?\pipe\C:\Users\adria\Desktop\Progetto Android\GamePoint\functions\6872 {"metadata":{"emulator":{"name":"functions"},"message":"[worker-~diagnostic~-23da7955-25f7-46b7-8198-c3e9e0fc412b]: Assigning socketPath: \\\\?\\pipe\\C:\\Users\\adria\\Desktop\\Progetto Android\\GamePoint\\functions\\6872"}}
[debug] [2021-07-13T11:15:55.313Z] [worker-~diagnostic~-23da7955-25f7-46b7-8198-c3e9e0fc412b]: BUSY {"metadata":{"emulator":{"name":"functions"},"message":"[worker-~diagnostic~-23da7955-25f7-46b7-8198-c3e9e0fc412b]: BUSY"}}
[debug] [2021-07-13T11:15:55.618Z] [runtime-status] [6872] Functions runtime initialized. {"cwd":"C:\\Users\\adria\\Desktop\\Progetto Android\\GamePoint\\functions","node_version":"12.18.1"} {"metadata":{"emulator":{"name":"functions"},"message":"[runtime-status] [6872] Functions runtime initialized. {\"cwd\":\"C:\\\\Users\\\\adria\\\\Desktop\\\\Progetto Android\\\\GamePoint\\\\functions\",\"node_version\":\"12.18.1\"}"}}
[debug] [2021-07-13T11:15:55.618Z] [runtime-status] [6872] Disabled runtime features: undefined {"metadata":{"emulator":{"name":"functions"},"message":"[runtime-status] [6872] Disabled runtime features: undefined"}}
[debug] [2021-07-13T11:15:55.626Z] [runtime-status] [6872] Resolved module firebase-admin {"declared":true,"installed":true,"version":"9.10.0","resolution":"C:\\Users\\adria\\Desktop\\Progetto Android\\GamePoint\\functions\\node_modules\\firebase-admin\\lib\\index.js"} {"metadata":{"emulator":{"name":"functions"},"message":"[runtime-status] [6872] Resolved module firebase-admin {\"declared\":true,\"installed\":true,\"version\":\"9.10.0\",\"resolution\":\"C:\\\\Users\\\\adria\\\\Desktop\\\\Progetto Android\\\\GamePoint\\\\functions\\\\node_modules\\\\firebase-admin\\\\lib\\\\index.js\"}"}}
[debug] [2021-07-13T11:15:55.632Z] [runtime-status] [6872] Resolved module firebase-functions {"declared":true,"installed":true,"version":"3.14.1","resolution":"C:\\Users\\adria\\Desktop\\Progetto Android\\GamePoint\\functions\\node_modules\\firebase-functions\\lib\\index.js"} {"metadata":{"emulator":{"name":"functions"},"message":"[runtime-status] [6872] Resolved module firebase-functions {\"declared\":true,\"installed\":true,\"version\":\"3.14.1\",\"resolution\":\"C:\\\\Users\\\\adria\\\\Desktop\\\\Progetto Android\\\\GamePoint\\\\functions\\\\node_modules\\\\firebase-functions\\\\lib\\\\index.js\"}"}}
[debug] [2021-07-13T11:15:55.633Z] [runtime-status] [6872] Resolved module firebase-functions {"declared":true,"installed":true,"version":"3.14.1","resolution":"C:\\Users\\adria\\Desktop\\Progetto Android\\GamePoint\\functions\\node_modules\\firebase-functions\\lib\\index.js"} {"metadata":{"emulator":{"name":"functions"},"message":"[runtime-status] [6872] Resolved module firebase-functions {\"declared\":true,\"installed\":true,\"version\":\"3.14.1\",\"resolution\":\"C:\\\\Users\\\\adria\\\\Desktop\\\\Progetto Android\\\\GamePoint\\\\functions\\\\node_modules\\\\firebase-functions\\\\lib\\\\index.js\"}"}}
[debug] [2021-07-13T11:15:55.634Z] [runtime-status] [6872] Outgoing network have been stubbed. [{"name":"http","status":"mocked"},{"name":"http","status":"mocked"},{"name":"https","status":"mocked"},{"name":"https","status":"mocked"},{"name":"net","status":"mocked"}] {"metadata":{"emulator":{"name":"functions"},"message":"[runtime-status] [6872] Outgoing network have been stubbed. [{\"name\":\"http\",\"status\":\"mocked\"},{\"name\":\"http\",\"status\":\"mocked\"},{\"name\":\"https\",\"status\":\"mocked\"},{\"name\":\"https\",\"status\":\"mocked\"},{\"name\":\"net\",\"status\":\"mocked\"}]"}}
[debug] [2021-07-13T11:15:55.635Z] [runtime-status] [6872] Resolved module firebase-functions {"declared":true,"installed":true,"version":"3.14.1","resolution":"C:\\Users\\adria\\Desktop\\Progetto Android\\GamePoint\\functions\\node_modules\\firebase-functions\\lib\\index.js"} {"metadata":{"emulator":{"name":"functions"},"message":"[runtime-status] [6872] Resolved module firebase-functions {\"declared\":true,\"installed\":true,\"version\":\"3.14.1\",\"resolution\":\"C:\\\\Users\\\\adria\\\\Desktop\\\\Progetto Android\\\\GamePoint\\\\functions\\\\node_modules\\\\firebase-functions\\\\lib\\\\index.js\"}"}}
[debug] [2021-07-13T11:15:56.022Z] [runtime-status] [6872] Checked functions.config() {"config":{}} {"metadata":{"emulator":{"name":"functions"},"message":"[runtime-status] [6872] Checked functions.config() {\"config\":{}}"}}
[debug] [2021-07-13T11:15:56.022Z] [runtime-status] [6872] firebase-functions has been stubbed. {"functionsResolution":{"declared":true,"installed":true,"version":"3.14.1","resolution":"C:\\Users\\adria\\Desktop\\Progetto Android\\GamePoint\\functions\\node_modules\\firebase-functions\\lib\\index.js"}} {"metadata":{"emulator":{"name":"functions"},"message":"[runtime-status] [6872] firebase-functions has been stubbed. {\"functionsResolution\":{\"declared\":true,\"installed\":true,\"version\":\"3.14.1\",\"resolution\":\"C:\\\\Users\\\\adria\\\\Desktop\\\\Progetto Android\\\\GamePoint\\\\functions\\\\node_modules\\\\firebase-functions\\\\lib\\\\index.js\"}}"}}
[debug] [2021-07-13T11:15:56.023Z] [runtime-status] [6872] Resolved module firebase-functions {"declared":true,"installed":true,"version":"3.14.1","resolution":"C:\\Users\\adria\\Desktop\\Progetto Android\\GamePoint\\functions\\node_modules\\firebase-functions\\lib\\index.js"} {"metadata":{"emulator":{"name":"functions"},"message":"[runtime-status] [6872] Resolved module firebase-functions {\"declared\":true,\"installed\":true,\"version\":\"3.14.1\",\"resolution\":\"C:\\\\Users\\\\adria\\\\Desktop\\\\Progetto Android\\\\GamePoint\\\\functions\\\\node_modules\\\\firebase-functions\\\\lib\\\\index.js\"}"}}
[debug] [2021-07-13T11:15:56.024Z] [runtime-status] [6872] Resolved module firebase-admin {"declared":true,"installed":true,"version":"9.10.0","resolution":"C:\\Users\\adria\\Desktop\\Progetto Android\\GamePoint\\functions\\node_modules\\firebase-admin\\lib\\index.js"} {"metadata":{"emulator":{"name":"functions"},"message":"[runtime-status] [6872] Resolved module firebase-admin {\"declared\":true,\"installed\":true,\"version\":\"9.10.0\",\"resolution\":\"C:\\\\Users\\\\adria\\\\Desktop\\\\Progetto Android\\\\GamePoint\\\\functions\\\\node_modules\\\\firebase-admin\\\\lib\\\\index.js\"}"}}
[debug] [2021-07-13T11:15:56.024Z] [runtime-status] [6872] Resolved module firebase-functions {"declared":true,"installed":true,"version":"3.14.1","resolution":"C:\\Users\\adria\\Desktop\\Progetto Android\\GamePoint\\functions\\node_modules\\firebase-functions\\lib\\index.js"} {"metadata":{"emulator":{"name":"functions"},"message":"[runtime-status] [6872] Resolved module firebase-functions {\"declared\":true,\"installed\":true,\"version\":\"3.14.1\",\"resolution\":\"C:\\\\Users\\\\adria\\\\Desktop\\\\Progetto Android\\\\GamePoint\\\\functions\\\\node_modules\\\\firebase-functions\\\\lib\\\\index.js\"}"}}
[debug] [2021-07-13T11:15:56.024Z] [runtime-status] [6872] firebase-admin has been stubbed. {"adminResolution":{"declared":true,"installed":true,"version":"9.10.0","resolution":"C:\\Users\\adria\\Desktop\\Progetto Android\\GamePoint\\functions\\node_modules\\firebase-admin\\lib\\index.js"}} {"metadata":{"emulator":{"name":"functions"},"message":"[runtime-status] [6872] firebase-admin has been stubbed. {\"adminResolution\":{\"declared\":true,\"installed\":true,\"version\":\"9.10.0\",\"resolution\":\"C:\\\\Users\\\\adria\\\\Desktop\\\\Progetto Android\\\\GamePoint\\\\functions\\\\node_modules\\\\firebase-admin\\\\lib\\\\index.js\"}}"}}
[debug] [2021-07-13T11:15:56.043Z] >>> HTTP REQUEST PUT http://localhost:9000/.settings/rules.json?ns=gamepoint-ea259-default-rtdb  
 {
  /* Visit https://firebase.google.com/docs/database/security to learn more about security rules. */
  "rules": {
    ".read": false,
    ".write": false
  }
}
[debug] [2021-07-13T11:15:56.045Z] [worker-~diagnostic~-23da7955-25f7-46b7-8198-c3e9e0fc412b]: IDLE {"metadata":{"emulator":{"name":"functions"},"message":"[worker-~diagnostic~-23da7955-25f7-46b7-8198-c3e9e0fc412b]: IDLE"}}
[debug] [2021-07-13T11:15:56.313Z] <<< HTTP RESPONSE 200 {"content-length":"15","content-type":"application/json; charset=utf-8","access-control-allow-origin":"*","cache-control":"no-cache","x-firebase-project-id":"gamepoint-ea259-default-rtdb","x-firebase-project-number":"123456789","x-firebase-uuid":"5a7f4909-7042-4246-a6f9-70af14c15e52"}
[info] 
┌─────────────────────────────────────────────────────────────┐
│ ✔  All emulators ready! It is now safe to connect your app. │
│ i  View Emulator UI at http://localhost:4000                │
└─────────────────────────────────────────────────────────────┘

┌────────────────┬──────────────────────────────────┬─────────────────────────────────┐
│ Emulator       │ Host:Port                        │ View in Emulator UI             │
├────────────────┼──────────────────────────────────┼─────────────────────────────────┤
│ Authentication │ localhost:9099                   │ http://localhost:4000/auth      │
├────────────────┼──────────────────────────────────┼─────────────────────────────────┤
│ Functions      │ localhost:5001                   │ http://localhost:4000/functions │
├────────────────┼──────────────────────────────────┼─────────────────────────────────┤
│ Firestore      │ localhost:8080                   │ http://localhost:4000/firestore │
├────────────────┼──────────────────────────────────┼─────────────────────────────────┤
│ Database       │ localhost:9000                   │ http://localhost:4000/database  │
├────────────────┼──────────────────────────────────┼─────────────────────────────────┤
│ Hosting        │ Failed to initialize (see above) │                                 │
├────────────────┼──────────────────────────────────┼─────────────────────────────────┤
│ Storage        │ localhost:9199                   │ http://localhost:4000/storage   │
└────────────────┴──────────────────────────────────┴─────────────────────────────────┘
  Emulator Hub running at localhost:4400
  Other reserved ports: 4500

Issues? Report them at https://github.com/firebase/firebase-tools/issues and attach the *-debug.log files.
 
[debug] [2021-07-13T11:30:48.552Z] >>> [apiv2][query] POST http://localhost:5001/functions/projects/gamepoint-ea259/trigger_multicast [none]
[debug] [2021-07-13T11:30:48.552Z] >>> [apiv2][body] POST http://localhost:5001/functions/projects/gamepoint-ea259/trigger_multicast {"eventType":"providers/firebase.auth/eventTypes/user.create","data":{"uid":"8rORD4yzHLpsd7MP5b5Lh1C8m49s","email":"adrianotumino@gmail.com","emailVerified":false,"metadata":{"creationTime":"1626175848551","lastSignInTime":"1626175848550"},"customClaims":{},"providerData":[{"providerId":"password","email":"adrianotumino@gmail.com","federatedId":"adrianotumino@gmail.com","rawId":"adrianotumino@gmail.com"}]}}
[debug] [2021-07-13T11:30:48.560Z] <<< [apiv2][status] POST http://localhost:5001/functions/projects/gamepoint-ea259/trigger_multicast 200
[debug] [2021-07-13T11:30:48.560Z] <<< [apiv2][body] POST http://localhost:5001/functions/projects/gamepoint-ea259/trigger_multicast {"status":"multicast_acknowledged"}
